<?xml version="1.0" encoding="UTF-8"?>
<!-- Generated by org.testng.reporters.JUnitReportReporter -->
<testsuite hostname="MacBook-Air.local" failures="0" tests="1" name="com.ig.qa.testcases.HomePageTest" time="46.360" errors="0" timestamp="2023-02-05T13:03:40 EST" skipped="0">
  <testcase classname="com.ig.qa.testcases.HomePageTest" name="verifyUserNameTest" time="46.360"/>
  <system-out/>
</testsuite> <!-- com.ig.qa.testcases.HomePageTest -->
