<?xml version="1.0" encoding="UTF-8"?>
<!-- Generated by org.testng.reporters.JUnitReportReporter -->
<testsuite hostname="MacBook-Air.local" failures="0" tests="3" name="com.ig.qa.testcases.LoginPageTest" time="38.398" errors="0" timestamp="2023-01-24T19:59:41 EST" skipped="0">
  <testcase classname="com.ig.qa.testcases.LoginPageTest" name="loginPageTitlePage" time="10.805"/>
  <system-out/>
  <testcase classname="com.ig.qa.testcases.LoginPageTest" name="igLogoImageTest" time="11.713"/>
  <system-out/>
  <testcase classname="com.ig.qa.testcases.LoginPageTest" name="loginTest" time="15.880"/>
  <system-out/>
</testsuite> <!-- com.ig.qa.testcases.LoginPageTest -->
